<?xml version="1.0" encoding="UTF-8"?>
<!-- Generated by org.testng.reporters.JUnitXMLReporter -->
<testsuite hostname="OZDEN-iMac.ht.home" ignored="2" name="All Functionalities" tests="14" failures="2" timestamp="2023-01-22T16:52:33 EST" time="124.461" errors="0">
  <testcase name="validateCheckBoxes" time="4.804" classname="scripts.TechGlobalCheckBoxTest"/>
  <testcase name="validateCheckBoxes2" time="0.777" classname="scripts.TechGlobalCheckBoxTest"/>
  <testcase name="dynamicElementsTest" time="0.605" classname="scripts.TechGlobalDynamicElementsTest"/>
  <testcase name="validateFrontendTestingURL" time="0.414" classname="scripts.TechGlobalFrontendTestingHomeTest"/>
  <testcase name="validateTechGlobalHeaderDropdownOptions" time="0.201" classname="scripts.TechGlobalHeaderTest"/>
  <testcase name="languageRadioButtons" time="6.816" classname="scripts.TechGlobalRadioButtonsTest"/>
  <testcase name="languageRadioButtons2" time="0.794" classname="scripts.TechGlobalRadioButtonsTest"/>
  <testcase name="validateRedBox" time="35.609" classname="scripts.TechGlobalWaitsTest"/>
  <testcase name="selectDeliveryOption" time="5.093" classname="scripts.TechGlobalDropdownsTest"/>
  <testcase name="selectProductOption" time="20.116" classname="scripts.TechGlobalDropdownsTest">
    <failure type="org.openqa.selenium.NoSuchElementException" message="Cannot locate element with text: iPhone14 Pro Max
For documentation on this error, please visit: https://www.seleniumhq.org/exceptions/no_such_element.html
Build info: version: &amp;apos;3.141.59&amp;apos;, revision: &amp;apos;e82be7d358&amp;apos;, time: &amp;apos;2018-11-14T08:17:03&amp;apos;
System info: host: &amp;apos;OZDEN-iMac.ht.home&amp;apos;, ip: &amp;apos;192.168.0.12&amp;apos;, os.name: &amp;apos;Mac OS X&amp;apos;, os.arch: &amp;apos;x86_64&amp;apos;, os.version: &amp;apos;12.5.1&amp;apos;, java.version: &amp;apos;1.8.0_341&amp;apos;
Driver info: driver.version: unknown">
      <![CDATA[org.openqa.selenium.NoSuchElementException: Cannot locate element with text: iPhone14 Pro Max
For documentation on this error, please visit: https://www.seleniumhq.org/exceptions/no_such_element.html
Build info: version: '3.141.59', revision: 'e82be7d358', time: '2018-11-14T08:17:03'
System info: host: 'OZDEN-iMac.ht.home', ip: '192.168.0.12', os.name: 'Mac OS X', os.arch: 'x86_64', os.version: '12.5.1', java.version: '1.8.0_341'
Driver info: driver.version: unknown
at org.openqa.selenium.support.ui.Select.selectByVisibleText(Select.java:147)
at utilities.DropdownHandler.selectByVisibleText(DropdownHandler.java:24)
at scripts.TechGlobalDropdownsTest.selectProductOption(TechGlobalDropdownsTest.java:39)
at java.util.ArrayList.forEach(ArrayList.java:1259)
... Removed 30 stack frames]]>
    </failure>
  </testcase> <!-- selectProductOption -->
  <testcase name="selectColorOption" time="4.073" classname="scripts.TechGlobalDropdownsTest"/>
  <testcase name="validateTheItemSelected" time="4.276" classname="scripts.TechGlobalDropdownsTest"/>
  <testcase name="validateTheAppleLink" time="2.08" classname="scripts.TechGlobalMultipleWindowsTest"/>
  <testcase name="validateLinkURLs" time="4.368" classname="scripts.TechGlobalMultipleWindowsTest">
    <failure type="java.lang.AssertionError" message="expected [https://www.microsoft.com/en-us/] but found [https://www.microsoft.com/en-ca/]">
      <![CDATA[java.lang.AssertionError: expected [https://www.microsoft.com/en-us/] but found [https://www.microsoft.com/en-ca/]
at scripts.TechGlobalMultipleWindowsTest.validateLinkURLs(TechGlobalMultipleWindowsTest.java:43)
at java.util.ArrayList.forEach(ArrayList.java:1259)
... Removed 35 stack frames]]>
    </failure>
  </testcase> <!-- validateLinkURLs -->
  <testcase name="validateFrontendTestingCards" time="0.0" classname="scripts.TechGlobalFrontendTestingHomeTest">
    <ignored/>
  </testcase> <!-- validateFrontendTestingCards -->
  <testcase name="validateTechGlobalHeaderDropdown" time="0.0" classname="scripts.TechGlobalHeaderTest">
    <ignored/>
  </testcase> <!-- validateTechGlobalHeaderDropdown -->
</testsuite> <!-- All Functionalities -->
