<?xml version="1.0" encoding="UTF-8"?>
<!-- Generated by org.testng.reporters.JUnitXMLReporter -->
<testsuite hostname="OZDEN-iMac.local" ignored="0" name="Command line test" tests="11" failures="1" timestamp="2023-01-20T12:22:21 EST" time="72.158" errors="0">
  <testcase name="validateFrontendTestingCards" time="0.981" classname="scripts.TechGlobalFrontendTestingHomeTest"/>
  <testcase name="validateFrontendTestingURL" time="0.25" classname="scripts.TechGlobalFrontendTestingHomeTest"/>
  <testcase name="validateTechGlobalLogo" time="0.024" classname="scripts.TechGlobalLogoTest">
    <failure type="java.lang.AssertionError" message="expected [true] but found [false]">
      <![CDATA[java.lang.AssertionError: expected [true] but found [false]
at scripts.TechGlobalLogoTest.validateTechGlobalLogo(TechGlobalLogoTest.java:10)
at java.util.ArrayList.forEach(ArrayList.java:1259)
... Removed 41 stack frames]]>
    </failure>
  </testcase> <!-- validateTechGlobalLogo -->
  <testcase name="validateTechGlobalHeaderDropdown" time="0.041" classname="scripts.TechGlobalHeaderTest"/>
  <testcase name="validateTechGlobalHeaderDropdownOptions" time="0.199" classname="scripts.TechGlobalHeaderTest"/>
  <testcase name="validateCheckBoxes" time="4.587" classname="scripts.TechGlobalCheckBoxTest"/>
  <testcase name="validateCheckBoxes2" time="0.582" classname="scripts.TechGlobalCheckBoxTest"/>
  <testcase name="validateRedBox" time="35.463" classname="scripts.TechGlobalWaitsTest"/>
  <testcase name="dynamicElementsTest" time="0.423" classname="scripts.TechGlobalDynamicElementsTest"/>
  <testcase name="languageRadioButtons" time="6.628" classname="scripts.TechGlobalRadioButtonsTest"/>
  <testcase name="languageRadioButtons2" time="0.575" classname="scripts.TechGlobalRadioButtonsTest"/>
</testsuite> <!-- Command line test -->
